0 info it worked if it ends with ok
1 verbose cli [ 'node', '/usr/local/bin/npm', 'publish', '--force' ]
2 info using npm@1.3.14
3 info using node@v0.10.21
4 warn using --force I sure hope you know what you are doing.
5 verbose publish [ '.' ]
6 verbose cache add [ '.', null ]
7 verbose cache add name=undefined spec="." args=[".",null]
8 verbose parsed url { protocol: null,
8 verbose parsed url   slashes: null,
8 verbose parsed url   auth: null,
8 verbose parsed url   host: null,
8 verbose parsed url   port: null,
8 verbose parsed url   hostname: null,
8 verbose parsed url   hash: null,
8 verbose parsed url   search: null,
8 verbose parsed url   query: null,
8 verbose parsed url   pathname: '.',
8 verbose parsed url   path: '.',
8 verbose parsed url   href: '.' }
9 silly lockFile 3a52ce78- .
10 verbose lock . /Users/cameronellis/.npm/3a52ce78-.lock
11 verbose tar pack [ '/var/folders/6m/3_6cpj2x7xx5ty4lj8mj8gzw0000gn/T/npm-56897-8zmABlZ3/1391235134507-0.8750177251640707/tmp.tgz',
11 verbose tar pack   '.' ]
12 verbose tarball /var/folders/6m/3_6cpj2x7xx5ty4lj8mj8gzw0000gn/T/npm-56897-8zmABlZ3/1391235134507-0.8750177251640707/tmp.tgz
13 verbose folder .
14 info prepublish karma-emblem-preprocessor@0.1.0
15 silly lockFile 1f1177db-tar tar://.
16 verbose lock tar://. /Users/cameronellis/.npm/1f1177db-tar.lock
17 silly lockFile 52488b40-34507-0-8750177251640707-tmp-tgz tar:///var/folders/6m/3_6cpj2x7xx5ty4lj8mj8gzw0000gn/T/npm-56897-8zmABlZ3/1391235134507-0.8750177251640707/tmp.tgz
18 verbose lock tar:///var/folders/6m/3_6cpj2x7xx5ty4lj8mj8gzw0000gn/T/npm-56897-8zmABlZ3/1391235134507-0.8750177251640707/tmp.tgz /Users/cameronellis/.npm/52488b40-34507-0-8750177251640707-tmp-tgz.lock
19 silly lockFile 1f1177db-tar tar://.
20 silly lockFile 1f1177db-tar tar://.
21 silly lockFile 52488b40-34507-0-8750177251640707-tmp-tgz tar:///var/folders/6m/3_6cpj2x7xx5ty4lj8mj8gzw0000gn/T/npm-56897-8zmABlZ3/1391235134507-0.8750177251640707/tmp.tgz
22 silly lockFile 52488b40-34507-0-8750177251640707-tmp-tgz tar:///var/folders/6m/3_6cpj2x7xx5ty4lj8mj8gzw0000gn/T/npm-56897-8zmABlZ3/1391235134507-0.8750177251640707/tmp.tgz
23 verbose tar unpack /var/folders/6m/3_6cpj2x7xx5ty4lj8mj8gzw0000gn/T/npm-56897-8zmABlZ3/1391235134507-0.8750177251640707/tmp.tgz
24 silly lockFile e9dc0f84-34507-0-8750177251640707-package tar:///var/folders/6m/3_6cpj2x7xx5ty4lj8mj8gzw0000gn/T/npm-56897-8zmABlZ3/1391235134507-0.8750177251640707/package
25 verbose lock tar:///var/folders/6m/3_6cpj2x7xx5ty4lj8mj8gzw0000gn/T/npm-56897-8zmABlZ3/1391235134507-0.8750177251640707/package /Users/cameronellis/.npm/e9dc0f84-34507-0-8750177251640707-package.lock
26 silly lockFile 52488b40-34507-0-8750177251640707-tmp-tgz tar:///var/folders/6m/3_6cpj2x7xx5ty4lj8mj8gzw0000gn/T/npm-56897-8zmABlZ3/1391235134507-0.8750177251640707/tmp.tgz
27 verbose lock tar:///var/folders/6m/3_6cpj2x7xx5ty4lj8mj8gzw0000gn/T/npm-56897-8zmABlZ3/1391235134507-0.8750177251640707/tmp.tgz /Users/cameronellis/.npm/52488b40-34507-0-8750177251640707-tmp-tgz.lock
28 silly gunzTarPerm modes [ '755', '644' ]
29 silly gunzTarPerm extractEntry package.json
30 silly gunzTarPerm extractEntry .npmignore
31 silly gunzTarPerm extractEntry README.md
32 silly gunzTarPerm extractEntry LICENSE
33 silly gunzTarPerm extractEntry bin/preprocessor
34 silly gunzTarPerm extractEntry lib/cli.js
35 silly gunzTarPerm extractEntry lib/main.js
36 silly lockFile e9dc0f84-34507-0-8750177251640707-package tar:///var/folders/6m/3_6cpj2x7xx5ty4lj8mj8gzw0000gn/T/npm-56897-8zmABlZ3/1391235134507-0.8750177251640707/package
37 silly lockFile e9dc0f84-34507-0-8750177251640707-package tar:///var/folders/6m/3_6cpj2x7xx5ty4lj8mj8gzw0000gn/T/npm-56897-8zmABlZ3/1391235134507-0.8750177251640707/package
38 silly lockFile 52488b40-34507-0-8750177251640707-tmp-tgz tar:///var/folders/6m/3_6cpj2x7xx5ty4lj8mj8gzw0000gn/T/npm-56897-8zmABlZ3/1391235134507-0.8750177251640707/tmp.tgz
39 silly lockFile 52488b40-34507-0-8750177251640707-tmp-tgz tar:///var/folders/6m/3_6cpj2x7xx5ty4lj8mj8gzw0000gn/T/npm-56897-8zmABlZ3/1391235134507-0.8750177251640707/tmp.tgz
40 verbose tar pack [ '/Users/cameronellis/.npm/karma-emblem-preprocessor/0.1.0/package.tgz',
40 verbose tar pack   '/var/folders/6m/3_6cpj2x7xx5ty4lj8mj8gzw0000gn/T/npm-56897-8zmABlZ3/1391235134507-0.8750177251640707/package' ]
41 verbose tarball /Users/cameronellis/.npm/karma-emblem-preprocessor/0.1.0/package.tgz
42 verbose folder /var/folders/6m/3_6cpj2x7xx5ty4lj8mj8gzw0000gn/T/npm-56897-8zmABlZ3/1391235134507-0.8750177251640707/package
43 silly lockFile e9dc0f84-34507-0-8750177251640707-package tar:///var/folders/6m/3_6cpj2x7xx5ty4lj8mj8gzw0000gn/T/npm-56897-8zmABlZ3/1391235134507-0.8750177251640707/package
44 verbose lock tar:///var/folders/6m/3_6cpj2x7xx5ty4lj8mj8gzw0000gn/T/npm-56897-8zmABlZ3/1391235134507-0.8750177251640707/package /Users/cameronellis/.npm/e9dc0f84-34507-0-8750177251640707-package.lock
45 silly lockFile ea404812-m-preprocessor-0-1-0-package-tgz tar:///Users/cameronellis/.npm/karma-emblem-preprocessor/0.1.0/package.tgz
46 verbose lock tar:///Users/cameronellis/.npm/karma-emblem-preprocessor/0.1.0/package.tgz /Users/cameronellis/.npm/ea404812-m-preprocessor-0-1-0-package-tgz.lock
47 silly lockFile e9dc0f84-34507-0-8750177251640707-package tar:///var/folders/6m/3_6cpj2x7xx5ty4lj8mj8gzw0000gn/T/npm-56897-8zmABlZ3/1391235134507-0.8750177251640707/package
48 silly lockFile e9dc0f84-34507-0-8750177251640707-package tar:///var/folders/6m/3_6cpj2x7xx5ty4lj8mj8gzw0000gn/T/npm-56897-8zmABlZ3/1391235134507-0.8750177251640707/package
49 silly lockFile ea404812-m-preprocessor-0-1-0-package-tgz tar:///Users/cameronellis/.npm/karma-emblem-preprocessor/0.1.0/package.tgz
50 silly lockFile ea404812-m-preprocessor-0-1-0-package-tgz tar:///Users/cameronellis/.npm/karma-emblem-preprocessor/0.1.0/package.tgz
51 silly lockFile ff4ef1c9-mblem-preprocessor-0-1-0-package /Users/cameronellis/.npm/karma-emblem-preprocessor/0.1.0/package
52 verbose lock /Users/cameronellis/.npm/karma-emblem-preprocessor/0.1.0/package /Users/cameronellis/.npm/ff4ef1c9-mblem-preprocessor-0-1-0-package.lock
53 silly lockFile ff4ef1c9-mblem-preprocessor-0-1-0-package /Users/cameronellis/.npm/karma-emblem-preprocessor/0.1.0/package
54 silly lockFile ff4ef1c9-mblem-preprocessor-0-1-0-package /Users/cameronellis/.npm/karma-emblem-preprocessor/0.1.0/package
55 verbose tar unpack /Users/cameronellis/.npm/karma-emblem-preprocessor/0.1.0/package.tgz
56 silly lockFile 584b5a23-mblem-preprocessor-0-1-0-package tar:///Users/cameronellis/.npm/karma-emblem-preprocessor/0.1.0/package
57 verbose lock tar:///Users/cameronellis/.npm/karma-emblem-preprocessor/0.1.0/package /Users/cameronellis/.npm/584b5a23-mblem-preprocessor-0-1-0-package.lock
58 silly lockFile ea404812-m-preprocessor-0-1-0-package-tgz tar:///Users/cameronellis/.npm/karma-emblem-preprocessor/0.1.0/package.tgz
59 verbose lock tar:///Users/cameronellis/.npm/karma-emblem-preprocessor/0.1.0/package.tgz /Users/cameronellis/.npm/ea404812-m-preprocessor-0-1-0-package-tgz.lock
60 silly gunzTarPerm modes [ '755', '644' ]
61 silly gunzTarPerm extractEntry package.json
62 silly gunzTarPerm extractEntry .npmignore
63 silly gunzTarPerm extractEntry README.md
64 silly gunzTarPerm extractEntry LICENSE
65 silly gunzTarPerm extractEntry bin/preprocessor
66 silly gunzTarPerm extractEntry lib/cli.js
67 silly gunzTarPerm extractEntry lib/main.js
68 silly lockFile 584b5a23-mblem-preprocessor-0-1-0-package tar:///Users/cameronellis/.npm/karma-emblem-preprocessor/0.1.0/package
69 silly lockFile 584b5a23-mblem-preprocessor-0-1-0-package tar:///Users/cameronellis/.npm/karma-emblem-preprocessor/0.1.0/package
70 silly lockFile ea404812-m-preprocessor-0-1-0-package-tgz tar:///Users/cameronellis/.npm/karma-emblem-preprocessor/0.1.0/package.tgz
71 silly lockFile ea404812-m-preprocessor-0-1-0-package-tgz tar:///Users/cameronellis/.npm/karma-emblem-preprocessor/0.1.0/package.tgz
72 verbose chmod /Users/cameronellis/.npm/karma-emblem-preprocessor/0.1.0/package.tgz 644
73 verbose chown /Users/cameronellis/.npm/karma-emblem-preprocessor/0.1.0/package.tgz [ 501, 20 ]
74 silly lockFile 3a52ce78- .
75 silly lockFile 3a52ce78- .
76 silly publish { name: 'karma-emblem-preprocessor',
76 silly publish   version: '0.1.0',
76 silly publish   description: 'Compile .emblem templates for karma',
76 silly publish   main: './lib/main',
76 silly publish   bin: { 'karma-emblem-preprocessor': './bin/preprocessor' },
76 silly publish   repository:
76 silly publish    { type: 'git',
76 silly publish      url: 'https://github.com/cellis/karma-emblem-preprocessor' },
76 silly publish   keywords: [ 'karma-plugin', 'karma-preprocessor', 'ember', 'handlebars' ],
76 silly publish   author: { name: 'Cameron Ellis', email: 'cameronellis.ellis@gmail.com' },
76 silly publish   dependencies: { jsdom: '0.2' },
76 silly publish   license: 'MIT',
76 silly publish   scripts: { test: 'echo "Error: no test specified" && exit 1' },
76 silly publish   readme: '# karma-emblem-preprocessor\n\n> preprocessor to compile emblem templates for ember.js on the fly\n\nFor more information on Karma see the [homepage]\n\nRequires Karma 0.9+\n\nTo use this with karma, first you will need to install it with npm \n\n\t\tnpm install karma-emblem-preprocessor\n\nNext you need to create a configuration file using karma init\n\n\n    module.exports = function(karma) {\n        karma.set({\n            basePath: \'js\',\n\n            files: [\n              "vendor/jquery/jquery.min.js",\n              "vendor/handlebars/handlebars.js",\n              "vendor/ember/ember.js",\n              "app.js",\n              "tests/*.js",\n              "templates/*.handlebars"\n            ],\n\n            logLevel: karma.LOG_ERROR,\n            browsers: [\'PhantomJS\'],\n            singleRun: true,\n            autoWatch: false,\n\n            frameworks: ["qunit"],\n\n            plugins: [\n                \'karma-qunit\',\n                \'karma-chrome-launcher\',\n                \'karma-emblem-preprocessor\',\n                \'karma-phantomjs-launcher\'\n            ],\n\n            preprocessors: {\n                "**/*.emblem": \'emblem\'\n            }\n        });\n    };\n\n\n[homepage]: http://karma-runner.github.com\n',
76 silly publish   readmeFilename: 'README.md',
76 silly publish   bugs: { url: 'https://github.com/cellis/karma-emblem-preprocessor/issues' },
76 silly publish   homepage: 'https://github.com/cellis/karma-emblem-preprocessor',
76 silly publish   _id: 'karma-emblem-preprocessor@0.1.0',
76 silly publish   dist: { shasum: 'ac61ee8cdb18a1c3f16933593f144cba4c8758ac' },
76 silly publish   _from: '.' }
77 verbose url raw karma-emblem-preprocessor
78 verbose url resolving [ 'https://registry.npmjs.org/', './karma-emblem-preprocessor' ]
79 verbose url resolved https://registry.npmjs.org/karma-emblem-preprocessor
80 info trying registry request attempt 1 at 22:12:14
81 http PUT https://registry.npmjs.org/karma-emblem-preprocessor
82 http 409 https://registry.npmjs.org/karma-emblem-preprocessor
83 verbose url raw karma-emblem-preprocessor
84 verbose url resolving [ 'https://registry.npmjs.org/', './karma-emblem-preprocessor' ]
85 verbose url resolved https://registry.npmjs.org/karma-emblem-preprocessor
86 info trying registry request attempt 1 at 22:12:14
87 http GET https://registry.npmjs.org/karma-emblem-preprocessor
88 http 200 https://registry.npmjs.org/karma-emblem-preprocessor
89 warn publish Forced publish over karma-emblem-preprocessor@0.1.0
90 verbose url raw karma-emblem-preprocessor
91 verbose url resolving [ 'https://registry.npmjs.org/', './karma-emblem-preprocessor' ]
92 verbose url resolved https://registry.npmjs.org/karma-emblem-preprocessor
93 info trying registry request attempt 1 at 22:12:15
94 http GET https://registry.npmjs.org/karma-emblem-preprocessor
95 http 200 https://registry.npmjs.org/karma-emblem-preprocessor
96 silly registry.get cb [ 200,
96 silly registry.get   { date: 'Sat, 01 Feb 2014 06:12:12 GMT',
96 silly registry.get     server: 'CouchDB/1.5.0 (Erlang OTP/R16B)',
96 silly registry.get     etag: '"10LUICYBBYFUUQ2QDCWZFVJNN"',
96 silly registry.get     'content-type': 'application/json',
96 silly registry.get     'content-length': '5318',
96 silly registry.get     'accept-ranges': 'bytes',
96 silly registry.get     via: '1.1 varnish',
96 silly registry.get     age: '0',
96 silly registry.get     'x-served-by': 'cache-lax1433-LAX',
96 silly registry.get     'x-cache': 'MISS',
96 silly registry.get     'x-cache-hits': '0',
96 silly registry.get     'x-timer': 'S1391235132.525190353,VS0,VE83',
96 silly registry.get     vary: 'Accept',
96 silly registry.get     'keep-alive': 'timeout=10, max=50',
96 silly registry.get     connection: 'Keep-Alive' } ]
97 verbose unpublish removing attachments { shasum: '57549bf59a55ab1db69fb4025f21a5fe9707fb1d',
97 verbose unpublish   tarball: 'http://registry.npmjs.org/karma-emblem-preprocessor/-/karma-emblem-preprocessor-0.1.0.tgz' }
98 verbose url raw karma-emblem-preprocessor/-rev/7-ec11ce3e8fb4b132b9611678f1218737
99 verbose url resolving [ 'https://registry.npmjs.org/',
99 verbose url resolving   './karma-emblem-preprocessor/-rev/7-ec11ce3e8fb4b132b9611678f1218737' ]
100 verbose url resolved https://registry.npmjs.org/karma-emblem-preprocessor/-rev/7-ec11ce3e8fb4b132b9611678f1218737
101 info trying registry request attempt 1 at 22:12:15
102 http PUT https://registry.npmjs.org/karma-emblem-preprocessor/-rev/7-ec11ce3e8fb4b132b9611678f1218737
103 http 201 https://registry.npmjs.org/karma-emblem-preprocessor/-rev/7-ec11ce3e8fb4b132b9611678f1218737
104 verbose url raw karma-emblem-preprocessor
105 verbose url resolving [ 'https://registry.npmjs.org/', './karma-emblem-preprocessor' ]
106 verbose url resolved https://registry.npmjs.org/karma-emblem-preprocessor
107 info trying registry request attempt 1 at 22:12:15
108 http GET https://registry.npmjs.org/karma-emblem-preprocessor
109 http 200 https://registry.npmjs.org/karma-emblem-preprocessor
110 silly registry.get cb [ 200,
110 silly registry.get   { date: 'Sat, 01 Feb 2014 06:12:13 GMT',
110 silly registry.get     server: 'CouchDB/1.5.0 (Erlang OTP/R16B)',
110 silly registry.get     etag: '"10LUICYBBYFUUQ2QDCWZFVJNN"',
110 silly registry.get     'content-type': 'application/json',
110 silly registry.get     'content-length': '5318',
110 silly registry.get     'accept-ranges': 'bytes',
110 silly registry.get     via: '1.1 varnish',
110 silly registry.get     age: '0',
110 silly registry.get     'x-served-by': 'cache-lax1422-LAX',
110 silly registry.get     'x-cache': 'MISS',
110 silly registry.get     'x-cache-hits': '0',
110 silly registry.get     'x-timer': 'S1391235133.049113750,VS0,VE81',
110 silly registry.get     vary: 'Accept',
110 silly registry.get     'keep-alive': 'timeout=10, max=50',
110 silly registry.get     connection: 'Keep-Alive' } ]
111 info detach /karma-emblem-preprocessor/-/karma-emblem-preprocessor-0.1.0.tgz/-rev/7-ec11ce3e8fb4b132b9611678f1218737
112 verbose url raw /karma-emblem-preprocessor/-/karma-emblem-preprocessor-0.1.0.tgz/-rev/7-ec11ce3e8fb4b132b9611678f1218737
113 verbose url resolving [ 'https://registry.npmjs.org/',
113 verbose url resolving   './karma-emblem-preprocessor/-/karma-emblem-preprocessor-0.1.0.tgz/-rev/7-ec11ce3e8fb4b132b9611678f1218737' ]
114 verbose url resolved https://registry.npmjs.org/karma-emblem-preprocessor/-/karma-emblem-preprocessor-0.1.0.tgz/-rev/7-ec11ce3e8fb4b132b9611678f1218737
115 info trying registry request attempt 1 at 22:12:15
116 http DELETE https://registry.npmjs.org/karma-emblem-preprocessor/-/karma-emblem-preprocessor-0.1.0.tgz/-rev/7-ec11ce3e8fb4b132b9611678f1218737
117 http 409 https://registry.npmjs.org/karma-emblem-preprocessor/-/karma-emblem-preprocessor-0.1.0.tgz/-rev/7-ec11ce3e8fb4b132b9611678f1218737
118 verbose publish [ '.' ]
119 verbose cache add [ '.', null ]
120 verbose cache add name=undefined spec="." args=[".",null]
121 verbose parsed url { protocol: null,
121 verbose parsed url   slashes: null,
121 verbose parsed url   auth: null,
121 verbose parsed url   host: null,
121 verbose parsed url   port: null,
121 verbose parsed url   hostname: null,
121 verbose parsed url   hash: null,
121 verbose parsed url   search: null,
121 verbose parsed url   query: null,
121 verbose parsed url   pathname: '.',
121 verbose parsed url   path: '.',
121 verbose parsed url   href: '.' }
122 silly lockFile 3a52ce78- .
123 verbose lock . /Users/cameronellis/.npm/3a52ce78-.lock
124 verbose tar pack [ '/var/folders/6m/3_6cpj2x7xx5ty4lj8mj8gzw0000gn/T/npm-56897-8zmABlZ3/1391235136184-0.22861767280846834/tmp.tgz',
124 verbose tar pack   '.' ]
125 verbose tarball /var/folders/6m/3_6cpj2x7xx5ty4lj8mj8gzw0000gn/T/npm-56897-8zmABlZ3/1391235136184-0.22861767280846834/tmp.tgz
126 verbose folder .
127 info prepublish karma-emblem-preprocessor@0.1.0
128 silly lockFile 1f1177db-tar tar://.
129 verbose lock tar://. /Users/cameronellis/.npm/1f1177db-tar.lock
130 silly lockFile c27f15b9-6184-0-22861767280846834-tmp-tgz tar:///var/folders/6m/3_6cpj2x7xx5ty4lj8mj8gzw0000gn/T/npm-56897-8zmABlZ3/1391235136184-0.22861767280846834/tmp.tgz
131 verbose lock tar:///var/folders/6m/3_6cpj2x7xx5ty4lj8mj8gzw0000gn/T/npm-56897-8zmABlZ3/1391235136184-0.22861767280846834/tmp.tgz /Users/cameronellis/.npm/c27f15b9-6184-0-22861767280846834-tmp-tgz.lock
132 silly lockFile 1f1177db-tar tar://.
133 silly lockFile 1f1177db-tar tar://.
134 silly lockFile c27f15b9-6184-0-22861767280846834-tmp-tgz tar:///var/folders/6m/3_6cpj2x7xx5ty4lj8mj8gzw0000gn/T/npm-56897-8zmABlZ3/1391235136184-0.22861767280846834/tmp.tgz
135 silly lockFile c27f15b9-6184-0-22861767280846834-tmp-tgz tar:///var/folders/6m/3_6cpj2x7xx5ty4lj8mj8gzw0000gn/T/npm-56897-8zmABlZ3/1391235136184-0.22861767280846834/tmp.tgz
136 verbose tar unpack /var/folders/6m/3_6cpj2x7xx5ty4lj8mj8gzw0000gn/T/npm-56897-8zmABlZ3/1391235136184-0.22861767280846834/tmp.tgz
137 silly lockFile 511099d6-6184-0-22861767280846834-package tar:///var/folders/6m/3_6cpj2x7xx5ty4lj8mj8gzw0000gn/T/npm-56897-8zmABlZ3/1391235136184-0.22861767280846834/package
138 verbose lock tar:///var/folders/6m/3_6cpj2x7xx5ty4lj8mj8gzw0000gn/T/npm-56897-8zmABlZ3/1391235136184-0.22861767280846834/package /Users/cameronellis/.npm/511099d6-6184-0-22861767280846834-package.lock
139 silly lockFile c27f15b9-6184-0-22861767280846834-tmp-tgz tar:///var/folders/6m/3_6cpj2x7xx5ty4lj8mj8gzw0000gn/T/npm-56897-8zmABlZ3/1391235136184-0.22861767280846834/tmp.tgz
140 verbose lock tar:///var/folders/6m/3_6cpj2x7xx5ty4lj8mj8gzw0000gn/T/npm-56897-8zmABlZ3/1391235136184-0.22861767280846834/tmp.tgz /Users/cameronellis/.npm/c27f15b9-6184-0-22861767280846834-tmp-tgz.lock
141 silly gunzTarPerm modes [ '755', '644' ]
142 silly gunzTarPerm extractEntry package.json
143 silly gunzTarPerm extractEntry .npmignore
144 silly gunzTarPerm extractEntry README.md
145 silly gunzTarPerm extractEntry LICENSE
146 silly gunzTarPerm extractEntry bin/preprocessor
147 silly gunzTarPerm extractEntry lib/cli.js
148 silly gunzTarPerm extractEntry lib/main.js
149 silly lockFile 511099d6-6184-0-22861767280846834-package tar:///var/folders/6m/3_6cpj2x7xx5ty4lj8mj8gzw0000gn/T/npm-56897-8zmABlZ3/1391235136184-0.22861767280846834/package
150 silly lockFile 511099d6-6184-0-22861767280846834-package tar:///var/folders/6m/3_6cpj2x7xx5ty4lj8mj8gzw0000gn/T/npm-56897-8zmABlZ3/1391235136184-0.22861767280846834/package
151 silly lockFile c27f15b9-6184-0-22861767280846834-tmp-tgz tar:///var/folders/6m/3_6cpj2x7xx5ty4lj8mj8gzw0000gn/T/npm-56897-8zmABlZ3/1391235136184-0.22861767280846834/tmp.tgz
152 silly lockFile c27f15b9-6184-0-22861767280846834-tmp-tgz tar:///var/folders/6m/3_6cpj2x7xx5ty4lj8mj8gzw0000gn/T/npm-56897-8zmABlZ3/1391235136184-0.22861767280846834/tmp.tgz
153 verbose tar pack [ '/Users/cameronellis/.npm/karma-emblem-preprocessor/0.1.0/package.tgz',
153 verbose tar pack   '/var/folders/6m/3_6cpj2x7xx5ty4lj8mj8gzw0000gn/T/npm-56897-8zmABlZ3/1391235136184-0.22861767280846834/package' ]
154 verbose tarball /Users/cameronellis/.npm/karma-emblem-preprocessor/0.1.0/package.tgz
155 verbose folder /var/folders/6m/3_6cpj2x7xx5ty4lj8mj8gzw0000gn/T/npm-56897-8zmABlZ3/1391235136184-0.22861767280846834/package
156 silly lockFile 511099d6-6184-0-22861767280846834-package tar:///var/folders/6m/3_6cpj2x7xx5ty4lj8mj8gzw0000gn/T/npm-56897-8zmABlZ3/1391235136184-0.22861767280846834/package
157 verbose lock tar:///var/folders/6m/3_6cpj2x7xx5ty4lj8mj8gzw0000gn/T/npm-56897-8zmABlZ3/1391235136184-0.22861767280846834/package /Users/cameronellis/.npm/511099d6-6184-0-22861767280846834-package.lock
158 silly lockFile ea404812-m-preprocessor-0-1-0-package-tgz tar:///Users/cameronellis/.npm/karma-emblem-preprocessor/0.1.0/package.tgz
159 verbose lock tar:///Users/cameronellis/.npm/karma-emblem-preprocessor/0.1.0/package.tgz /Users/cameronellis/.npm/ea404812-m-preprocessor-0-1-0-package-tgz.lock
160 silly lockFile 511099d6-6184-0-22861767280846834-package tar:///var/folders/6m/3_6cpj2x7xx5ty4lj8mj8gzw0000gn/T/npm-56897-8zmABlZ3/1391235136184-0.22861767280846834/package
161 silly lockFile 511099d6-6184-0-22861767280846834-package tar:///var/folders/6m/3_6cpj2x7xx5ty4lj8mj8gzw0000gn/T/npm-56897-8zmABlZ3/1391235136184-0.22861767280846834/package
162 silly lockFile ea404812-m-preprocessor-0-1-0-package-tgz tar:///Users/cameronellis/.npm/karma-emblem-preprocessor/0.1.0/package.tgz
163 silly lockFile ea404812-m-preprocessor-0-1-0-package-tgz tar:///Users/cameronellis/.npm/karma-emblem-preprocessor/0.1.0/package.tgz
164 silly lockFile ff4ef1c9-mblem-preprocessor-0-1-0-package /Users/cameronellis/.npm/karma-emblem-preprocessor/0.1.0/package
165 verbose lock /Users/cameronellis/.npm/karma-emblem-preprocessor/0.1.0/package /Users/cameronellis/.npm/ff4ef1c9-mblem-preprocessor-0-1-0-package.lock
166 silly lockFile ff4ef1c9-mblem-preprocessor-0-1-0-package /Users/cameronellis/.npm/karma-emblem-preprocessor/0.1.0/package
167 silly lockFile ff4ef1c9-mblem-preprocessor-0-1-0-package /Users/cameronellis/.npm/karma-emblem-preprocessor/0.1.0/package
168 verbose tar unpack /Users/cameronellis/.npm/karma-emblem-preprocessor/0.1.0/package.tgz
169 silly lockFile 584b5a23-mblem-preprocessor-0-1-0-package tar:///Users/cameronellis/.npm/karma-emblem-preprocessor/0.1.0/package
170 verbose lock tar:///Users/cameronellis/.npm/karma-emblem-preprocessor/0.1.0/package /Users/cameronellis/.npm/584b5a23-mblem-preprocessor-0-1-0-package.lock
171 silly lockFile ea404812-m-preprocessor-0-1-0-package-tgz tar:///Users/cameronellis/.npm/karma-emblem-preprocessor/0.1.0/package.tgz
172 verbose lock tar:///Users/cameronellis/.npm/karma-emblem-preprocessor/0.1.0/package.tgz /Users/cameronellis/.npm/ea404812-m-preprocessor-0-1-0-package-tgz.lock
173 silly gunzTarPerm modes [ '755', '644' ]
174 silly gunzTarPerm extractEntry package.json
175 silly gunzTarPerm extractEntry .npmignore
176 silly gunzTarPerm extractEntry README.md
177 silly gunzTarPerm extractEntry LICENSE
178 silly gunzTarPerm extractEntry bin/preprocessor
179 silly gunzTarPerm extractEntry lib/cli.js
180 silly gunzTarPerm extractEntry lib/main.js
181 silly lockFile 584b5a23-mblem-preprocessor-0-1-0-package tar:///Users/cameronellis/.npm/karma-emblem-preprocessor/0.1.0/package
182 silly lockFile 584b5a23-mblem-preprocessor-0-1-0-package tar:///Users/cameronellis/.npm/karma-emblem-preprocessor/0.1.0/package
183 silly lockFile ea404812-m-preprocessor-0-1-0-package-tgz tar:///Users/cameronellis/.npm/karma-emblem-preprocessor/0.1.0/package.tgz
184 silly lockFile ea404812-m-preprocessor-0-1-0-package-tgz tar:///Users/cameronellis/.npm/karma-emblem-preprocessor/0.1.0/package.tgz
185 verbose chmod /Users/cameronellis/.npm/karma-emblem-preprocessor/0.1.0/package.tgz 644
186 verbose chown /Users/cameronellis/.npm/karma-emblem-preprocessor/0.1.0/package.tgz [ 501, 20 ]
187 silly lockFile 3a52ce78- .
188 silly lockFile 3a52ce78- .
189 silly publish { name: 'karma-emblem-preprocessor',
189 silly publish   version: '0.1.0',
189 silly publish   description: 'Compile .emblem templates for karma',
189 silly publish   main: './lib/main',
189 silly publish   bin: { 'karma-emblem-preprocessor': './bin/preprocessor' },
189 silly publish   repository:
189 silly publish    { type: 'git',
189 silly publish      url: 'https://github.com/cellis/karma-emblem-preprocessor' },
189 silly publish   keywords: [ 'karma-plugin', 'karma-preprocessor', 'ember', 'handlebars' ],
189 silly publish   author: { name: 'Cameron Ellis', email: 'cameronellis.ellis@gmail.com' },
189 silly publish   dependencies: { jsdom: '0.2' },
189 silly publish   license: 'MIT',
189 silly publish   scripts: { test: 'echo "Error: no test specified" && exit 1' },
189 silly publish   readme: '# karma-emblem-preprocessor\n\n> preprocessor to compile emblem templates for ember.js on the fly\n\nFor more information on Karma see the [homepage]\n\nRequires Karma 0.9+\n\nTo use this with karma, first you will need to install it with npm \n\n\t\tnpm install karma-emblem-preprocessor\n\nNext you need to create a configuration file using karma init\n\n\n    module.exports = function(karma) {\n        karma.set({\n            basePath: \'js\',\n\n            files: [\n              "vendor/jquery/jquery.min.js",\n              "vendor/handlebars/handlebars.js",\n              "vendor/ember/ember.js",\n              "app.js",\n              "tests/*.js",\n              "templates/*.handlebars"\n            ],\n\n            logLevel: karma.LOG_ERROR,\n            browsers: [\'PhantomJS\'],\n            singleRun: true,\n            autoWatch: false,\n\n            frameworks: ["qunit"],\n\n            plugins: [\n                \'karma-qunit\',\n                \'karma-chrome-launcher\',\n                \'karma-emblem-preprocessor\',\n                \'karma-phantomjs-launcher\'\n            ],\n\n            preprocessors: {\n                "**/*.emblem": \'emblem\'\n            }\n        });\n    };\n\n\n[homepage]: http://karma-runner.github.com\n',
189 silly publish   readmeFilename: 'README.md',
189 silly publish   bugs: { url: 'https://github.com/cellis/karma-emblem-preprocessor/issues' },
189 silly publish   homepage: 'https://github.com/cellis/karma-emblem-preprocessor',
189 silly publish   _id: 'karma-emblem-preprocessor@0.1.0',
189 silly publish   dist:
189 silly publish    { shasum: 'ac61ee8cdb18a1c3f16933593f144cba4c8758ac',
189 silly publish      tarball: 'http://registry.npmjs.org/karma-emblem-preprocessor/-/karma-emblem-preprocessor-0.1.0.tgz' },
189 silly publish   _from: '.',
189 silly publish   _npmVersion: '1.3.14',
189 silly publish   _npmUser: { name: 'cellis', email: 'cameronellis.ellis@gmail.com' } }
190 verbose url raw karma-emblem-preprocessor
191 verbose url resolving [ 'https://registry.npmjs.org/', './karma-emblem-preprocessor' ]
192 verbose url resolved https://registry.npmjs.org/karma-emblem-preprocessor
193 info trying registry request attempt 1 at 22:12:16
194 http PUT https://registry.npmjs.org/karma-emblem-preprocessor
195 http 409 https://registry.npmjs.org/karma-emblem-preprocessor
196 verbose url raw karma-emblem-preprocessor
197 verbose url resolving [ 'https://registry.npmjs.org/', './karma-emblem-preprocessor' ]
198 verbose url resolved https://registry.npmjs.org/karma-emblem-preprocessor
199 info trying registry request attempt 1 at 22:12:16
200 http GET https://registry.npmjs.org/karma-emblem-preprocessor
201 http 200 https://registry.npmjs.org/karma-emblem-preprocessor
202 verbose uploading [ 'karma-emblem-preprocessor/-/karma-emblem-preprocessor-0.1.0.tgz/-rev/8-e449f3d330ea300a74fb7abd20cc1d9c',
202 verbose uploading   '/Users/cameronellis/.npm/karma-emblem-preprocessor/0.1.0/package.tgz' ]
203 verbose url raw karma-emblem-preprocessor/-/karma-emblem-preprocessor-0.1.0.tgz/-rev/8-e449f3d330ea300a74fb7abd20cc1d9c
204 verbose url resolving [ 'https://registry.npmjs.org/',
204 verbose url resolving   './karma-emblem-preprocessor/-/karma-emblem-preprocessor-0.1.0.tgz/-rev/8-e449f3d330ea300a74fb7abd20cc1d9c' ]
205 verbose url resolved https://registry.npmjs.org/karma-emblem-preprocessor/-/karma-emblem-preprocessor-0.1.0.tgz/-rev/8-e449f3d330ea300a74fb7abd20cc1d9c
206 info trying registry request attempt 1 at 22:12:16
207 http PUT https://registry.npmjs.org/karma-emblem-preprocessor/-/karma-emblem-preprocessor-0.1.0.tgz/-rev/8-e449f3d330ea300a74fb7abd20cc1d9c
208 http 201 https://registry.npmjs.org/karma-emblem-preprocessor/-/karma-emblem-preprocessor-0.1.0.tgz/-rev/8-e449f3d330ea300a74fb7abd20cc1d9c
209 verbose publish attached [ 'karma-emblem-preprocessor',
209 verbose publish   '/Users/cameronellis/.npm/karma-emblem-preprocessor/0.1.0/package.tgz',
209 verbose publish   'karma-emblem-preprocessor-0.1.0.tgz' ]
210 verbose url raw karma-emblem-preprocessor/0.1.0/-tag/latest
211 verbose url resolving [ 'https://registry.npmjs.org/',
211 verbose url resolving   './karma-emblem-preprocessor/0.1.0/-tag/latest' ]
212 verbose url resolved https://registry.npmjs.org/karma-emblem-preprocessor/0.1.0/-tag/latest
213 info trying registry request attempt 1 at 22:12:17
214 http PUT https://registry.npmjs.org/karma-emblem-preprocessor/0.1.0/-tag/latest
215 http 403 https://registry.npmjs.org/karma-emblem-preprocessor/0.1.0/-tag/latest
216 info trying registry request attempt 1 at 22:12:17
217 http PUT https://registry.npmjs.org/karma-emblem-preprocessor/0.1.0/-tag/latest
218 http 403 https://registry.npmjs.org/karma-emblem-preprocessor/0.1.0/-tag/latest
219 error publish Error uploading package
220 error Error: conflict Document update conflict.: karma-emblem-preprocessor/-/karma-emblem-preprocessor-0.1.0.tgz/-rev/7-ec11ce3e8fb4b132b9611678f1218737
220 error     at RegClient.<anonymous> (/usr/local/lib/node_modules/npm/node_modules/npm-registry-client/lib/request.js:272:14)
220 error     at Request.self.callback (/usr/local/lib/node_modules/npm/node_modules/request/request.js:129:22)
220 error     at Request.EventEmitter.emit (events.js:98:17)
220 error     at Request.<anonymous> (/usr/local/lib/node_modules/npm/node_modules/request/request.js:873:14)
220 error     at Request.EventEmitter.emit (events.js:117:20)
220 error     at IncomingMessage.<anonymous> (/usr/local/lib/node_modules/npm/node_modules/request/request.js:824:12)
220 error     at IncomingMessage.EventEmitter.emit (events.js:117:20)
220 error     at _stream_readable.js:920:16
220 error     at process._tickCallback (node.js:415:13)
221 error If you need help, you may report this log at:
221 error     <http://github.com/isaacs/npm/issues>
221 error or email it to:
221 error     <npm-@googlegroups.com>
222 error System Darwin 12.5.0
223 error command "node" "/usr/local/bin/npm" "publish" "--force"
224 error cwd /Users/cameronellis/work/karma-emblem-preprocessor
225 error node -v v0.10.21
226 error npm -v 1.3.14
227 verbose exit [ 1, true ]
